<?xml version="1.0" encoding="UTF-8"?>
<!-- Generated by org.testng.reporters.JUnitReportReporter -->
<testsuite hostname="vishal_trivedi" failures="0" tests="1" name="activity.NavigationTest" time="8.817" errors="0" timestamp="2024-03-21T09:44:10 IST" skipped="0">
  <testcase classname="activity.NavigationTest" name="navigateToAUrl" time="8.817"/>
</testsuite> <!-- activity.NavigationTest -->
