<?xml version="1.0" encoding="UTF-8"?>
<!-- Generated by org.testng.reporters.JUnitReportReporter -->
<testsuite hostname="vishal_trivedi" failures="0" tests="1" name="activity.NavigationTest" time="12.249" errors="0" timestamp="2024-03-21T17:14:17 IST" skipped="0">
  <testcase classname="activity.NavigationTest" name="navigateToAUrl" time="12.249"/>
</testsuite> <!-- activity.NavigationTest -->
